0 info it worked if it ends with ok
1 verbose cli [ 'node', '/usr/local/bin/npm', 'publish' ]
2 info using npm@2.7.4
3 info using node@v0.12.2
4 verbose publish [ '.' ]
5 silly cache add args [ '.', null ]
6 verbose cache add spec .
7 silly cache add parsed spec { raw: '.',
7 silly cache add   scope: null,
7 silly cache add   name: null,
7 silly cache add   rawSpec: '.',
7 silly cache add   spec: '/Users/daniel/Desktop/BoxfishCurl',
7 silly cache add   type: 'directory' }
8 verbose addLocalDirectory /Users/daniel/.npm/BoxfishCurl/1.0.0/package.tgz not in flight; packing
9 verbose tar pack [ '/Users/daniel/.npm/BoxfishCurl/1.0.0/package.tgz',
9 verbose tar pack   '/Users/daniel/Desktop/BoxfishCurl' ]
10 verbose tarball /Users/daniel/.npm/BoxfishCurl/1.0.0/package.tgz
11 verbose folder /Users/daniel/Desktop/BoxfishCurl
12 info prepublish BoxfishCurl@1.0.0
13 verbose addLocalTarball adding from inside cache /Users/daniel/.npm/BoxfishCurl/1.0.0/package.tgz
14 silly cache afterAdd BoxfishCurl@1.0.0
15 verbose afterAdd /Users/daniel/.npm/BoxfishCurl/1.0.0/package/package.json not in flight; writing
16 verbose afterAdd /Users/daniel/.npm/BoxfishCurl/1.0.0/package/package.json written
17 silly publish { name: 'BoxfishCurl',
17 silly publish   version: '1.0.0',
17 silly publish   description: 'Curl library for the boxfish ads platform',
17 silly publish   main: 'index.js',
17 silly publish   scripts: { test: 'make test' },
17 silly publish   repository:
17 silly publish    { type: 'git',
17 silly publish      url: 'https://bitbucket.org/boxfish-ondemand/web-commons-curl' },
17 silly publish   keywords: [ 'curl' ],
17 silly publish   author:
17 silly publish    { name: 'Daniel Oliveira',
17 silly publish      email: 'daniel@boxfish.com',
17 silly publish      url: 'boxfish.com' },
17 silly publish   license: 'ISC',
17 silly publish   dependencies: { 'promised-io': '^0.3.5' },
17 silly publish   devDependencies: { chai: '^2.3.0', mocha: '^2.2.5' },
17 silly publish   readme: '# BoxfishCurl.js\n\n## Installation\n\nnpm install BoxfishCurl\n\n## Usage\n\n| Param         | type |  Required      | Default  |\n| ------------- |-----:| --------------:|-----:|\n| host          | string | true | - |\n| path          | string | true | - |\n| port          | string | | 80 |\n| method        | string | | \'GET\'|\n| headers       | object | | -\n| data          | string | | \'application/x-www-form-urlencoded\'\n\n\n``` javascript\ncurl.req({\n\t    host    : \'boxfish.com\',\n\t    path    : \'/\', \n\t    headers : { \'Content-Type\': \'application/json\' },\n\t    method  : \'POST\',\n\t    data    : {\n\t        field       : \'this can be any JSON\',\n\t        used        : \'this will be sent in the request body\',\n\t        required    : false\n\t    }\n\t  }).then(function(response) {\n\t    // you got your data back\n\t  }, function(err) {\n\t    // something went wrong\n\t  });\t\n```\n\n## Run test\n\n```\nnpm test\n```\n\nhttps://danieldmo@bitbucket.org/boxfish-ondemand/web-brand-analysis.git',
17 silly publish   readmeFilename: 'README.md',
17 silly publish   gitHead: '9ddd75275e377cb0371043beb1a75ac457cdf7d1',
17 silly publish   _id: 'BoxfishCurl@1.0.0',
17 silly publish   _shasum: 'fc8a5aa0bef1a287f7aa51ac44cc5a18f0884391',
17 silly publish   _from: '.' }
18 silly mapToRegistry name BoxfishCurl
19 silly mapToRegistry using default registry
20 silly mapToRegistry registry https://registry.npmjs.org/
21 silly mapToRegistry uri https://registry.npmjs.org/BoxfishCurl
22 verbose publish registryBase https://registry.npmjs.org/
23 silly publish uploading /Users/daniel/.npm/BoxfishCurl/1.0.0/package.tgz
24 verbose stack Error: Invalid name: "BoxfishCurl"
24 verbose stack     at ensureValidName (/usr/local/lib/node_modules/npm/node_modules/normalize-package-data/lib/fixer.js:322:15)
24 verbose stack     at Object.module.exports.fixNameField (/usr/local/lib/node_modules/npm/node_modules/normalize-package-data/lib/fixer.js:211:5)
24 verbose stack     at CachingRegistryClient.publish (/usr/local/lib/node_modules/npm/node_modules/npm-registry-client/lib/publish.js:41:11)
24 verbose stack     at /usr/local/lib/node_modules/npm/lib/publish.js:144:14
24 verbose stack     at mapToRegistry (/usr/local/lib/node_modules/npm/lib/utils/map-to-registry.js:55:3)
24 verbose stack     at publish_ (/usr/local/lib/node_modules/npm/lib/publish.js:114:3)
24 verbose stack     at Array.<anonymous> (/usr/local/lib/node_modules/npm/node_modules/slide/lib/bind-actor.js:15:8)
24 verbose stack     at LOOP (/usr/local/lib/node_modules/npm/node_modules/slide/lib/chain.js:15:14)
24 verbose stack     at LOOP (/usr/local/lib/node_modules/npm/node_modules/slide/lib/chain.js:14:28)
24 verbose stack     at chain (/usr/local/lib/node_modules/npm/node_modules/slide/lib/chain.js:20:5)
25 verbose cwd /Users/daniel/Desktop/BoxfishCurl
26 error Darwin 14.3.0
27 error argv "node" "/usr/local/bin/npm" "publish"
28 error node v0.12.2
29 error npm  v2.7.4
30 error Invalid name: "BoxfishCurl"
31 error If you need help, you may report this error at:
31 error     <https://github.com/npm/npm/issues>
32 verbose exit [ 1, true ]
